<?xml version="1.0" encoding="utf-8"?><testsuites name="pytest tests"><testsuite name="pytest" errors="0" failures="0" skipped="0" tests="30" time="6.714" timestamp="2026-07-01T16:28:05.767966+00:00" hostname="agent-env-1e1197dc-38bd-404e-9256-eaea806e3007"><testcase classname="tests.backend_test.TestGenerator" name="test_get_customer" time="0.653" /><testcase classname="tests.backend_test.TestCustomers" name="test_list_customers_has_seed" time="0.809" /><testcase classname="tests.backend_test.TestGenerator" name="test_generate_content" time="5.303" /><testcase classname="tests.backend_test.TestCustomers" name="test_create_customer" time="0.127" /><testcase classname="tests.backend_test.TestCustomers" name="test_update_customer" time="0.059" /><testcase classname="tests.backend_test.TestCustomers" name="test_upload_logo" time="0.322" /><testcase classname="tests.backend_test.TestCustomers" name="test_delete_customer" time="0.123" /><testcase classname="tests.backend_test.TestCreatives" name="test_create_creative" time="0.121" /><testcase classname="tests.backend_test.TestCreatives" name="test_list_creatives" time="0.059" /><testcase classname="tests.backend_test.TestCreatives" name="test_update_creative" time="0.061" /><testcase classname="tests.backend_test.TestCreatives" name="test_export_png_returns_501" time="0.069" /><testcase classname="tests.backend_test.TestCreatives" name="test_delete_creative" time="0.099" /><testcase classname="tests.backend_test.TestNewsSources" name="test_list_seeded" time="0.060" /><testcase classname="tests.backend_test.TestNewsSources" name="test_create_source" time="0.060" /><testcase classname="tests.backend_test.TestNewsSources" name="test_fetch_missing_rss_graceful" time="0.250" /><testcase classname="tests.backend_test.TestNewsSources" name="test_cleanup_source" time="0.064" /><testcase classname="tests.backend_test.TestAuth" name="test_login_success" time="0.289" /><testcase classname="tests.backend_test.TestAuth" name="test_login_bad_credentials" time="0.289" /><testcase classname="tests.backend_test.TestAuth" name="test_protected_requires_auth" time="0.064" /><testcase classname="tests.backend_test.TestNewsItems" name="test_import_url" time="0.069" /><testcase classname="tests.backend_test.TestNewsItems" name="test_import_url_duplicate" time="0.061" /><testcase classname="tests.backend_test.TestNewsItems" name="test_list_news_items_filter" time="0.064" /><testcase classname="tests.backend_test.TestMeta" name="test_settings" time="0.061" /><testcase classname="tests.backend_test.TestMeta" name="test_dashboard_stats" time="0.069" /><testcase classname="tests.backend_test.TestTemplates" name="test_list_seeded" time="0.066" /><testcase classname="tests.backend_test.TestTemplates" name="test_crud" time="0.193" /><testcase classname="tests.backend_test.TestGenerator" name="test_hashtags" time="0.061" /><testcase classname="tests.backend_test.TestGenerator" name="test_compliance_check_illegal" time="0.063" /><testcase classname="tests.backend_test.TestGenerator" name="test_list_generated_contents" time="0.059" /><testcase classname="tests.backend_test.TestGenerator" name="test_update_generated_content" time="0.065" /></testsuite></testsuites>